# JRE version: OpenJDK Runtime Environment Temurin-17.0.4+8 (17.0.4+8) (build 17.0.4+8)
# Java VM: OpenJDK 64-Bit Server VM Temurin-17.0.4+8 (17.0.4+8, mixed mode, sharing, tiered, compressed oops, compressed class ptrs, g1 gc, linux-amd64)
GC Precious Log:
 CPUs: 2 total, 2 available
 Memory: 1991M
 Large Page Support: Disabled
 NUMA Support: Disabled
 Compressed Oops: Enabled (32-bit)
 Heap Region Size: 1M
 Heap Min Capacity: 8M
 Heap Initial Capacity: 32M
 Heap Max Capacity: 512M
 Pre-touch: Disabled
 Parallel Workers: 2
 Concurrent Workers: 1
 Concurrent Refinement Workers: 2
 Periodic GC: Disabled
Heap:
 garbage-first heap   total 51200K, used 27944K [0x00000000e0000000, 0x0000000100000000)
  region size 1024K, 17 young (17408K), 3 survivors (3072K)
 Metaspace       used 26818K, committed 27200K, reserved 1073152K
  class space    used 3528K, committed 3712K, reserved 1048576K
GC Heap History (18 events):
Event: 0.146 GC heap before
{Heap before GC invocations=0 (full 0):
 garbage-first heap   total 34816K, used 6112K [0x00000000e0000000, 0x0000000100000000)
  region size 1024K, 6 young (6144K), 0 survivors (0K)
 Metaspace       used 1679K, committed 1856K, reserved 1056768K
  class space    used 198K, committed 320K, reserved 1048576K
}
Event: 0.152 GC heap after
{Heap after GC invocations=1 (full 0):
 garbage-first heap   total 34816K, used 3943K [0x00000000e0000000, 0x0000000100000000)
  region size 1024K, 1 young (1024K), 1 survivors (1024K)
 Metaspace       used 1679K, committed 1856K, reserved 1056768K
  class space    used 198K, committed 320K, reserved 1048576K
}
Event: 0.164 GC heap before
{Heap before GC invocations=1 (full 0):
 garbage-first heap   total 34816K, used 7015K [0x00000000e0000000, 0x0000000100000000)
  region size 1024K, 5 young (5120K), 1 survivors (1024K)
 Metaspace       used 1789K, committed 1984K, reserved 1056768K
  class space    used 204K, committed 320K, reserved 1048576K
}
Event: 0.166 GC heap after
{Heap after GC invocations=2 (full 0):
 garbage-first heap   total 34816K, used 7354K [0x00000000e0000000, 0x0000000100000000)
  region size 1024K, 1 young (1024K), 1 survivors (1024K)
 Metaspace       used 1789K, committed 1984K, reserved 1056768K
  class space    used 204K, committed 320K, reserved 1048576K
}
Event: 0.277 GC heap before
{Heap before GC invocations=2 (full 0):
 garbage-first heap   total 34816K, used 13498K [0x00000000e0000000, 0x0000000100000000)
  region size 1024K, 7 young (7168K), 1 survivors (1024K)
 Metaspace       used 4322K, committed 4544K, reserved 1056768K
  class space    used 559K, committed 640K, reserved 1048576K
}
Event: 0.279 GC heap after
{Heap after GC invocations=3 (full 0):
 garbage-first heap   total 34816K, used 9073K [0x00000000e0000000, 0x0000000100000000)
  region size 1024K, 1 young (1024K), 1 survivors (1024K)
 Metaspace       used 4322K, committed 4544K, reserved 1056768K
  class space    used 559K, committed 640K, reserved 1048576K
}
Event: 0.392 GC heap before
{Heap before GC invocations=3 (full 0):
 garbage-first heap   total 34816K, used 16241K [0x00000000e0000000, 0x0000000100000000)
  region size 1024K, 8 young (8192K), 1 survivors (1024K)
 Metaspace       used 6054K, committed 6208K, reserved 1056768K
  class space    used 789K, committed 832K, reserved 1048576K
}
Event: 0.394 GC heap after
{Heap after GC invocations=4 (full 0):
 garbage-first heap   total 34816K, used 9638K [0x00000000e0000000, 0x0000000100000000)
  region size 1024K, 1 young (1024K), 1 survivors (1024K)
 Metaspace       used 6054K, committed 6208K, reserved 1056768K
  class space    used 789K, committed 832K, reserved 1048576K
}
Event: 0.493 GC heap before
{Heap before GC invocations=4 (full 0):
 garbage-first heap   total 34816K, used 19878K [0x00000000e0000000, 0x0000000100000000)
  region size 1024K, 11 young (11264K), 1 survivors (1024K)
 Metaspace       used 8561K, committed 8768K, reserved 1056768K
  class space    used 1155K, committed 1280K, reserved 1048576K
}
Event: 0.495 GC heap after
{Heap after GC invocations=5 (full 0):
 garbage-first heap   total 51200K, used 10190K [0x00000000e0000000, 0x0000000100000000)
  region size 1024K, 2 young (2048K), 2 survivors (2048K)
 Metaspace       used 8561K, committed 8768K, reserved 1056768K
  class space    used 1155K, committed 1280K, reserved 1048576K
}
Event: 0.766 GC heap before
{Heap before GC invocations=5 (full 0):
 garbage-first heap   total 51200K, used 33742K [0x00000000e0000000, 0x0000000100000000)
  region size 1024K, 25 young (25600K), 2 survivors (2048K)
 Metaspace       used 13649K, committed 13824K, reserved 1064960K
  class space    used 1847K, committed 1920K, reserved 1048576K
}
Event: 0.768 GC heap after
{Heap after GC invocations=6 (full 0):
 garbage-first heap   total 51200K, used 11688K [0x00000000e0000000, 0x0000000100000000)
  region size 1024K, 3 young (3072K), 3 survivors (3072K)
 Metaspace       used 13649K, committed 13824K, reserved 1064960K
  class space    used 1847K, committed 1920K, reserved 1048576K
}
Event: 0.923 GC heap before
{Heap before GC invocations=6 (full 0):
 garbage-first heap   total 51200K, used 34216K [0x00000000e0000000, 0x0000000100000000)
  region size 1024K, 26 young (26624K), 3 survivors (3072K)
 Metaspace       used 19446K, committed 19712K, reserved 1073152K
  class space    used 2562K, committed 2688K, reserved 1048576K
}
Event: 0.930 GC heap after
{Heap after GC invocations=7 (full 0):
 garbage-first heap   total 51200K, used 12567K [0x00000000e0000000, 0x0000000100000000)
  region size 1024K, 3 young (3072K), 3 survivors (3072K)
 Metaspace       used 19446K, committed 19712K, reserved 1073152K
  class space    used 2562K, committed 2688K, reserved 1048576K
}
Event: 1.002 GC heap before
{Heap before GC invocations=7 (full 0):
 garbage-first heap   total 51200K, used 23831K [0x00000000e0000000, 0x0000000100000000)
  region size 1024K, 15 young (15360K), 3 survivors (3072K)
 Metaspace       used 21238K, committed 21504K, reserved 1073152K
  class space    used 2806K, committed 2944K, reserved 1048576K
}
Event: 1.007 GC heap after
{Heap after GC invocations=8 (full 0):
 garbage-first heap   total 51200K, used 13496K [0x00000000e0000000, 0x0000000100000000)
  region size 1024K, 2 young (2048K), 2 survivors (2048K)
 Metaspace       used 21238K, committed 21504K, reserved 1073152K
  class space    used 2806K, committed 2944K, reserved 1048576K
}
Event: 1.312 GC heap before
{Heap before GC invocations=9 (full 0):
 garbage-first heap   total 51200K, used 37048K [0x00000000e0000000, 0x0000000100000000)
  region size 1024K, 26 young (26624K), 2 survivors (2048K)
 Metaspace       used 23777K, committed 24064K, reserved 1073152K
  class space    used 3131K, committed 3264K, reserved 1048576K
}
Event: 1.320 GC heap after
{Heap after GC invocations=10 (full 0):
 garbage-first heap   total 51200K, used 14632K [0x00000000e0000000, 0x0000000100000000)
  region size 1024K, 3 young (3072K), 3 survivors (3072K)
 Metaspace       used 23777K, committed 24064K, reserved 1073152K
  class space    used 3131K, committed 3264K, reserved 1048576K
}

